<?xml version="1.0" encoding="UTF-8"?>
<!-- Generated by org.testng.reporters.JUnitReportReporter -->
<testsuite hostname="Build3" failures="0" tests="3" name="com.crm.qa.testcases.HomePageTest" time="32.723" errors="0" timestamp="2023-04-11T11:06:08 EDT" skipped="0">
  <testcase classname="com.crm.qa.testcases.HomePageTest" name="homePageTitleTest" time="10.064"/>
  <system-out/>
  <testcase classname="com.crm.qa.testcases.HomePageTest" name="userNameDisplayTest" time="10.468"/>
  <system-out/>
  <testcase classname="com.crm.qa.testcases.HomePageTest" name="clickContactsTest" time="12.191"/>
  <system-out/>
</testsuite> <!-- com.crm.qa.testcases.HomePageTest -->
