<?xml version="1.0" encoding="UTF-8"?>
<!-- Generated by org.testng.reporters.JUnitReportReporter -->
<testsuite hostname="Build3" failures="0" tests="6" name="com.crm.qa.testcases.ContactsPageTest" time="78.289" errors="0" timestamp="2023-04-11T11:06:08 EDT" skipped="0">
  <testcase classname="com.crm.qa.testcases.ContactsPageTest" name="contactsLableTest" time="10.807"/>
  <system-out/>
  <testcase classname="com.crm.qa.testcases.ContactsPageTest" name="selectContactsTest" time="12.209"/>
  <system-out/>
  <testcase classname="com.crm.qa.testcases.ContactsPageTest" name="selectMultipleContactsTest" time="12.512"/>
  <system-out/>
  <testcase classname="com.crm.qa.testcases.ContactsPageTest" name="fillContactsFormTest" time="14.313"/>
  <system-out/>
  <testcase classname="com.crm.qa.testcases.ContactsPageTest" name="fillContactsFormTest" time="14.242"/>
  <system-out/>
  <testcase classname="com.crm.qa.testcases.ContactsPageTest" name="fillContactsFormTest" time="14.206"/>
  <system-out/>
</testsuite> <!-- com.crm.qa.testcases.ContactsPageTest -->
