<?xml version="1.0" encoding="UTF-8"?>
<!-- Generated by org.testng.reporters.JUnitReportReporter -->
<testsuite hostname="Build3" failures="0" tests="6" name="com.crm.qa.testcases.ContactsPageTest" time="93.660" errors="0" timestamp="2023-04-16T08:49:23 EDT" skipped="0">
  <testcase classname="com.crm.qa.testcases.ContactsPageTest" name="contactsLableTest" time="12.194"/>
  <system-out/>
  <testcase classname="com.crm.qa.testcases.ContactsPageTest" name="selectContactsTest" time="13.267"/>
  <system-out/>
  <testcase classname="com.crm.qa.testcases.ContactsPageTest" name="selectMultipleContactsTest" time="13.161"/>
  <system-out/>
  <testcase classname="com.crm.qa.testcases.ContactsPageTest" name="fillContactsFormTest" time="15.829"/>
  <system-out/>
  <testcase classname="com.crm.qa.testcases.ContactsPageTest" name="fillContactsFormTest" time="16.233"/>
  <system-out/>
  <testcase classname="com.crm.qa.testcases.ContactsPageTest" name="fillContactsFormTest" time="22.976"/>
  <system-out/>
</testsuite> <!-- com.crm.qa.testcases.ContactsPageTest -->
