<?xml version="1.0" encoding="UTF-8"?>
<!-- Generated by org.testng.reporters.JUnitReportReporter -->
<testsuite hostname="Build3" failures="0" tests="3" name="com.crm.qa.testcases.LoginPageTest" time="23.237" errors="0" timestamp="2023-04-16T08:49:23 EDT" skipped="0">
  <testcase classname="com.crm.qa.testcases.LoginPageTest" name="loginPageTitleTest" time="4.769"/>
  <system-out/>
  <testcase classname="com.crm.qa.testcases.LoginPageTest" name="crmLogoTest" time="5.723"/>
  <system-out/>
  <testcase classname="com.crm.qa.testcases.LoginPageTest" name="loginTest" time="12.745"/>
  <system-out/>
</testsuite> <!-- com.crm.qa.testcases.LoginPageTest -->
