<?xml version="1.0" encoding="UTF-8"?>
<!-- Generated by org.testng.reporters.JUnitReportReporter -->
<testsuite hostname="Build3" failures="0" tests="3" name="com.crm.qa.testcases.HomePageTest" time="36.691" errors="0" timestamp="2023-04-16T08:49:23 EDT" skipped="0">
  <testcase classname="com.crm.qa.testcases.HomePageTest" name="homePageTitleTest" time="11.251"/>
  <system-out/>
  <testcase classname="com.crm.qa.testcases.HomePageTest" name="userNameDisplayTest" time="12.031"/>
  <system-out/>
  <testcase classname="com.crm.qa.testcases.HomePageTest" name="clickContactsTest" time="13.409"/>
  <system-out/>
</testsuite> <!-- com.crm.qa.testcases.HomePageTest -->
