<?xml version="1.0" encoding="UTF-8"?>
<!-- Generated by org.testng.reporters.JUnitReportReporter -->
<testsuite hostname="Build3" failures="0" tests="3" name="com.crm.qa.testcases.LoginPageTest" time="20.675" errors="0" timestamp="2023-04-11T11:06:08 EDT" skipped="0">
  <testcase classname="com.crm.qa.testcases.LoginPageTest" name="loginPageTitleTest" time="4.898"/>
  <system-out/>
  <testcase classname="com.crm.qa.testcases.LoginPageTest" name="crmLogoTest" time="4.140"/>
  <system-out/>
  <testcase classname="com.crm.qa.testcases.LoginPageTest" name="loginTest" time="11.637"/>
  <system-out/>
</testsuite> <!-- com.crm.qa.testcases.LoginPageTest -->
