<?xml version="1.0" encoding="UTF-8"?>
<!-- Generated by org.testng.reporters.JUnitReportReporter -->
<testsuite hostname="Build3" failures="0" tests="3" name="com.crm.qa.testcases.HomePageTest" time="37.153" errors="0" timestamp="2023-04-11T17:12:23 EDT" skipped="0">
  <testcase classname="com.crm.qa.testcases.HomePageTest" name="homePageTitleTest" time="11.821"/>
  <system-out/>
  <testcase classname="com.crm.qa.testcases.HomePageTest" name="userNameDisplayTest" time="11.749"/>
  <system-out/>
  <testcase classname="com.crm.qa.testcases.HomePageTest" name="clickContactsTest" time="13.583"/>
  <system-out/>
</testsuite> <!-- com.crm.qa.testcases.HomePageTest -->
